<?xml version="1.0" encoding="UTF-8"?>
<!-- Generated by org.testng.reporters.JUnitReportReporter -->
<testsuite hostname="B91326" name="com.NTTDATA.MobWebAppAut.Test.TC2DTHRecharge" tests="1" failures="0" timestamp="13 Mar 2014 10:35:54 GMT" time="4.510" errors="0">
  <testcase name="TC2DTH_Recharge" time="4.510" classname="com.NTTDATA.MobWebAppAut.Test.TC2DTHRecharge"/>
</testsuite> <!-- com.NTTDATA.MobWebAppAut.Test.TC2DTHRecharge -->
