<?xml version="1.0" encoding="UTF-8"?>
<!-- Generated by org.testng.reporters.JUnitReportReporter -->
<testsuite hostname="B91326" name="com.NTTDATA.MobWebAppAut.Test.TC3PostPaidMobileBillPay" tests="1" failures="0" timestamp="13 Mar 2014 10:35:54 GMT" time="4.140" errors="0">
  <testcase name="TC3PostPaidMobile_BillPay" time="4.140" classname="com.NTTDATA.MobWebAppAut.Test.TC3PostPaidMobileBillPay"/>
</testsuite> <!-- com.NTTDATA.MobWebAppAut.Test.TC3PostPaidMobileBillPay -->
