<?xml version="1.0" encoding="UTF-8"?>
<!-- Generated by org.testng.reporters.JUnitReportReporter -->
<testsuite hostname="LASST262542" name="com.o2.DSMB.TestScript" tests="1" failures="0" timestamp="27 Oct 2014 21:48:40 GMT" time="0.240" errors="0">
  <testcase name="TestCase1" time="0.240" classname="com.o2.DSMB.TestScript"/>
</testsuite> <!-- com.o2.DSMB.TestScript -->
