<?xml version="1.0" encoding="UTF-8"?>
<!-- Generated by org.testng.reporters.JUnitReportReporter -->
<testsuite hostname="B91326" name="com.NTTDATA.MobWebAppAut.JLL_TestCases.JLL_Login" tests="1" failures="0" timestamp="27 Apr 2014 07:35:22 GMT" time="9.170" errors="0">
  <testcase name="JLL_Login_TC" time="9.170" classname="com.NTTDATA.MobWebAppAut.JLL_TestCases.JLL_Login"/>
</testsuite> <!-- com.NTTDATA.MobWebAppAut.JLL_TestCases.JLL_Login -->
