<?xml version="1.0" encoding="UTF-8"?>
<!-- Generated by org.testng.reporters.JUnitReportReporter -->
<testsuite hostname="B91326" name="com.NTTDATA.MobWebAppAut.JLL_TestCases.JLL_UAT_TC_1" tests="1" failures="0" timestamp="27 Apr 2014 07:35:22 GMT" time="35.790" errors="0">
  <testcase name="JLL_UAT_TC_One" time="35.790" classname="com.NTTDATA.MobWebAppAut.JLL_TestCases.JLL_UAT_TC_1"/>
</testsuite> <!-- com.NTTDATA.MobWebAppAut.JLL_TestCases.JLL_UAT_TC_1 -->
