<?xml version="1.0" encoding="UTF-8"?>
<!-- Generated by org.testng.reporters.JUnitReportReporter -->
<testsuite hostname="B91326" name="com.NTTDATA.MobWebAppAut.Test.TC4ExpresswayTollRecharge" tests="1" failures="0" timestamp="13 Mar 2014 10:35:54 GMT" time="19.139" errors="0">
  <testcase name="TC3ExpTollRecharge" time="19.139" classname="com.NTTDATA.MobWebAppAut.Test.TC4ExpresswayTollRecharge"/>
</testsuite> <!-- com.NTTDATA.MobWebAppAut.Test.TC4ExpresswayTollRecharge -->
