<?xml version="1.0" encoding="UTF-8"?>
<!-- Generated by org.testng.reporters.JUnitReportReporter -->
<testsuite hostname="LASST262542" name="com.o2.DSMB.TC" tests="1" failures="0" timestamp="27 Oct 2014 22:41:05 GMT" time="0.345" errors="0">
  <testcase name="TestCase1" time="0.345" classname="com.o2.DSMB.TC"/>
</testsuite> <!-- com.o2.DSMB.TC -->
