<?xml version="1.0" encoding="UTF-8"?>
<!-- Generated by org.testng.reporters.JUnitReportReporter -->
<testsuite hostname="B91326" name="com.NTTDATA.MobWebAppAut.Test.TC1MobileRecharge" tests="1" failures="0" timestamp="13 Mar 2014 10:35:54 GMT" time="44.747" errors="0">
  <testcase name="TC1Mobile_Recharge" time="44.747" classname="com.NTTDATA.MobWebAppAut.Test.TC1MobileRecharge"/>
</testsuite> <!-- com.NTTDATA.MobWebAppAut.Test.TC1MobileRecharge -->
